<?xml version="1.0" encoding="UTF-8"?>
<!-- Generated by org.testng.reporters.JUnitXMLReporter -->
<testsuite hostname="INBAN-HS7GT12" name="Default test" tests="1" failures="1" timestamp="14 Dec 2015 10:26:29 GMT" time="18.28" errors="0">
  <testcase name="attach_elements" time="17.788" classname="test.com.test.appium.AttachOptionsVisibility">
    <failure type="org.openqa.selenium.NoSuchElementException" message="An element could not be located on the page using the given search parameters. (WARNING: The server did not provide any stacktrace information)
Command duration or timeout: 8.48 seconds
For documentation on this error, please visit: http://seleniumhq.org/exceptions/no_such_element.html
Build info: version: &amp;apos;2.43.1&amp;apos;, revision: &amp;apos;5163bceef1bc36d43f3dc0b83c88998168a363a0&amp;apos;, time: &amp;apos;2014-09-10 09:43:55&amp;apos;
System info: host: &amp;apos;INBAN-HS7GT12&amp;apos;, ip: &amp;apos;127.0.1.1&amp;apos;, os.name: &amp;apos;Linux&amp;apos;, os.arch: &amp;apos;amd64&amp;apos;, os.version: &amp;apos;3.16.0-55-generic&amp;apos;, java.version: &amp;apos;1.8.0_66&amp;apos;
Driver info: io.appium.java_client.android.AndroidDriver
Capabilities [{appPackage=com.verizon.messaging.vzmsgs, app=/home/channabasava/app/VZMessages-6.0.4-27-qa-release.apk, networkConnectionEnabled=true, warnings={}, app-package=com.verizon.messaging.vzmsgs, app-activity=com.verizon.mms.ui.activity.Provisioning, databaseEnabled=false, deviceName=emulator-5554, version=4.4.4, platform=UNIX, appActivity=com.verizon.mms.ui.ComposeMessageActivity, desired={appPackage=com.verizon.messaging.vzmsgs, appActivity=com.verizon.mms.ui.ComposeMessageActivity, app=/home/channabasava/app/VZMessages-6.0.4-27-qa-release.apk, browserName=, app-package=com.verizon.messaging.vzmsgs, app-activity=com.verizon.mms.ui.activity.Provisioning, platformName=Android, device=Android, deviceName=lenovo-A_6000, version=4.4.4, platform=WINDOW}, platformVersion=5.1, webStorageEnabled=false, locationContextEnabled=false, browserName=, takesScreenshot=true, javascriptEnabled=true, platformName=Android, device=Android}]
Session ID: 9b94e552-79ed-45ca-a085-7e9783608174">
      <![CDATA[org.openqa.selenium.NoSuchElementException: An element could not be located on the page using the given search parameters. (WARNING: The server did not provide any stacktrace information)
Command duration or timeout: 8.48 seconds
For documentation on this error, please visit: http://seleniumhq.org/exceptions/no_such_element.html
Build info: version: '2.43.1', revision: '5163bceef1bc36d43f3dc0b83c88998168a363a0', time: '2014-09-10 09:43:55'
System info: host: 'INBAN-HS7GT12', ip: '127.0.1.1', os.name: 'Linux', os.arch: 'amd64', os.version: '3.16.0-55-generic', java.version: '1.8.0_66'
Driver info: io.appium.java_client.android.AndroidDriver
Capabilities [{appPackage=com.verizon.messaging.vzmsgs, app=/home/channabasava/app/VZMessages-6.0.4-27-qa-release.apk, networkConnectionEnabled=true, warnings={}, app-package=com.verizon.messaging.vzmsgs, app-activity=com.verizon.mms.ui.activity.Provisioning, databaseEnabled=false, deviceName=emulator-5554, version=4.4.4, platform=UNIX, appActivity=com.verizon.mms.ui.ComposeMessageActivity, desired={appPackage=com.verizon.messaging.vzmsgs, appActivity=com.verizon.mms.ui.ComposeMessageActivity, app=/home/channabasava/app/VZMessages-6.0.4-27-qa-release.apk, browserName=, app-package=com.verizon.messaging.vzmsgs, app-activity=com.verizon.mms.ui.activity.Provisioning, platformName=Android, device=Android, deviceName=lenovo-A_6000, version=4.4.4, platform=WINDOW}, platformVersion=5.1, webStorageEnabled=false, locationContextEnabled=false, browserName=, takesScreenshot=true, javascriptEnabled=true, platformName=Android, device=Android}]
Session ID: 9b94e552-79ed-45ca-a085-7e9783608174
	at sun.reflect.NativeConstructorAccessorImpl.newInstance0(Native Method)
	at sun.reflect.NativeConstructorAccessorImpl.newInstance(NativeConstructorAccessorImpl.java:62)
	at sun.reflect.DelegatingConstructorAccessorImpl.newInstance(DelegatingConstructorAccessorImpl.java:45)
	at java.lang.reflect.Constructor.newInstance(Constructor.java:422)
	at org.openqa.selenium.remote.ErrorHandler.createThrowable(ErrorHandler.java:204)
	at org.openqa.selenium.remote.ErrorHandler.throwIfResponseFailed(ErrorHandler.java:156)
	at org.openqa.selenium.remote.RemoteWebDriver.execute(RemoteWebDriver.java:599)
	at io.appium.java_client.AppiumDriver.execute(AppiumDriver.java:180)
	at org.openqa.selenium.remote.RemoteWebDriver.findElement(RemoteWebDriver.java:352)
	at org.openqa.selenium.remote.RemoteWebDriver.findElementById(RemoteWebDriver.java:393)
	at org.openqa.selenium.By$ById.findElement(By.java:214)
	at org.openqa.selenium.remote.RemoteWebDriver.findElement(RemoteWebDriver.java:344)
	at test.com.test.appium.AttachOptionsVisibility.attach_elements(AttachOptionsVisibility.java:21)
	at sun.reflect.NativeMethodAccessorImpl.invoke0(Native Method)
	at sun.reflect.NativeMethodAccessorImpl.invoke(NativeMethodAccessorImpl.java:62)
	at sun.reflect.DelegatingMethodAccessorImpl.invoke(DelegatingMethodAccessorImpl.java:43)
	at java.lang.reflect.Method.invoke(Method.java:497)
	at org.testng.internal.MethodInvocationHelper.invokeMethod(MethodInvocationHelper.java:85)
	at org.testng.internal.Invoker.invokeMethod(Invoker.java:639)
	at org.testng.internal.Invoker.invokeTestMethod(Invoker.java:816)
	at org.testng.internal.Invoker.invokeTestMethods(Invoker.java:1124)
	at org.testng.internal.TestMethodWorker.invokeTestMethods(TestMethodWorker.java:125)
	at org.testng.internal.TestMethodWorker.run(TestMethodWorker.java:108)
	at org.testng.TestRunner.privateRun(TestRunner.java:774)
	at org.testng.TestRunner.run(TestRunner.java:624)
	at org.testng.SuiteRunner.runTest(SuiteRunner.java:359)
	at org.testng.SuiteRunner.runSequentially(SuiteRunner.java:354)
	at org.testng.SuiteRunner.privateRun(SuiteRunner.java:312)
	at org.testng.SuiteRunner.run(SuiteRunner.java:261)
	at org.testng.SuiteRunnerWorker.runSuite(SuiteRunnerWorker.java:52)
	at org.testng.SuiteRunnerWorker.run(SuiteRunnerWorker.java:86)
	at org.testng.TestNG.runSuitesSequentially(TestNG.java:1215)
	at org.testng.TestNG.runSuitesLocally(TestNG.java:1140)
	at org.testng.TestNG.run(TestNG.java:1048)
	at org.testng.remote.RemoteTestNG.run(RemoteTestNG.java:112)
	at org.testng.remote.RemoteTestNG.initAndRun(RemoteTestNG.java:205)
	at org.testng.remote.RemoteTestNG.main(RemoteTestNG.java:176)
]]>
    </failure>
  </testcase> <!-- attach_elements -->
</testsuite> <!-- Default test -->
